<?xml version="1.0" encoding="UTF-8"?>
<!-- Generated by org.testng.reporters.JUnitReportReporter -->
<testsuite skipped="0" hostname="DESKTOP-OFC8VFN" name="com.crm.qa.testcases.ContactsPageTest" tests="5" failures="0" timestamp="29 Sep 2019 12:10:41 GMT" time="106.954" errors="0">
  <testcase name="verifyClickOnContactsLabel" time="19.388" classname="com.crm.qa.testcases.ContactsPageTest"/>
  <testcase name="verifyClickOnNewContact" time="23.349" classname="com.crm.qa.testcases.ContactsPageTest"/>
  <testcase name="validateCreateNewContact" time="21.291" classname="com.crm.qa.testcases.ContactsPageTest"/>
  <testcase name="validateCreateNewContact" time="22.815" classname="com.crm.qa.testcases.ContactsPageTest"/>
  <testcase name="validateCreateNewContact" time="20.111" classname="com.crm.qa.testcases.ContactsPageTest"/>
</testsuite> <!-- com.crm.qa.testcases.ContactsPageTest -->
