<?xml version="1.0" encoding="UTF-8"?>
<!-- Generated by org.testng.reporters.JUnitReportReporter -->
<testsuite skipped="3" hostname="DESKTOP-OFC8VFN" name="com.crm.qa.testcases.HomePageTest" tests="5" failures="0" timestamp="06 Oct 2019 18:26:48 GMT" time="41.529" errors="0">
  <testcase name="verifyRecordCount" time="22.118" classname="com.crm.qa.testcases.HomePageTest"/>
  <testcase name="verifySrchBox" time="19.411" classname="com.crm.qa.testcases.HomePageTest"/>
  <testcase name="verifyUserNameTest" classname="com.crm.qa.testcases.HomePageTest">
    <skipped/>
  </testcase> <!-- verifyUserNameTest -->
  <testcase name="clickOnContactsLinkTest" classname="com.crm.qa.testcases.HomePageTest">
    <skipped/>
  </testcase> <!-- clickOnContactsLinkTest -->
  <testcase name="verifyHomePageTitleTest" classname="com.crm.qa.testcases.HomePageTest">
    <skipped/>
  </testcase> <!-- verifyHomePageTitleTest -->
</testsuite> <!-- com.crm.qa.testcases.HomePageTest -->
