<?xml version="1.0" encoding="UTF-8"?>
<!-- Generated by org.testng.reporters.JUnitReportReporter -->
<testsuite skipped="0" hostname="DESKTOP-OFC8VFN" name="com.crm.qa.testcases.CalendarPageTest" tests="1" failures="0" timestamp="13 Oct 2019 13:11:37 GMT" time="22.460" errors="0">
  <testcase name="clickOnCalendarTest" time="22.460" classname="com.crm.qa.testcases.CalendarPageTest"/>
</testsuite> <!-- com.crm.qa.testcases.CalendarPageTest -->
