<?xml version="1.0" encoding="UTF-8"?>
<!-- Generated by org.testng.reporters.JUnitReportReporter -->
<testsuite skipped="0" hostname="DESKTOP-OFC8VFN" name="com.crm.qa.testcases.ContactsPageTest" tests="5" failures="0" timestamp="02 Oct 2019 10:01:17 GMT" time="134.713" errors="0">
  <testcase name="verifyClickOnContactsLabel" time="25.386" classname="com.crm.qa.testcases.ContactsPageTest"/>
  <testcase name="verifyClickOnNewContact" time="25.906" classname="com.crm.qa.testcases.ContactsPageTest"/>
  <testcase name="validateCreateNewContact" time="27.727" classname="com.crm.qa.testcases.ContactsPageTest"/>
  <testcase name="validateCreateNewContact" time="28.095" classname="com.crm.qa.testcases.ContactsPageTest"/>
  <testcase name="validateCreateNewContact" time="27.599" classname="com.crm.qa.testcases.ContactsPageTest"/>
</testsuite> <!-- com.crm.qa.testcases.ContactsPageTest -->
