<?xml version="1.0" encoding="UTF-8"?>
<!-- Generated by org.testng.reporters.JUnitReportReporter -->
<testsuite skipped="0" hostname="DESKTOP-OFC8VFN" name="com.crm.qa.testcases.LoginPageTest" tests="2" failures="0" timestamp="27 Sep 2019 15:12:24 GMT" time="33.607" errors="0">
  <testcase name="validateTitleTest" time="15.644" classname="com.crm.qa.testcases.LoginPageTest"/>
  <testcase name="loginTest" time="17.963" classname="com.crm.qa.testcases.LoginPageTest"/>
</testsuite> <!-- com.crm.qa.testcases.LoginPageTest -->
