<?xml version="1.0" encoding="UTF-8"?>
<!-- Generated by org.testng.reporters.JUnitReportReporter -->
<testsuite skipped="0" hostname="DESKTOP-OFC8VFN" name="com.crm.qa.testcases.ContactsPageTest" tests="5" failures="0" timestamp="29 Sep 2019 10:47:02 GMT" time="95.781" errors="0">
  <testcase name="verifyClickOnContactsLabel" time="16.655" classname="com.crm.qa.testcases.ContactsPageTest"/>
  <testcase name="verifyClickOnNewContact" time="16.292" classname="com.crm.qa.testcases.ContactsPageTest"/>
  <testcase name="validateCreateNewContact" time="20.529" classname="com.crm.qa.testcases.ContactsPageTest"/>
  <testcase name="validateCreateNewContact" time="20.141" classname="com.crm.qa.testcases.ContactsPageTest"/>
  <testcase name="validateCreateNewContact" time="22.164" classname="com.crm.qa.testcases.ContactsPageTest"/>
</testsuite> <!-- com.crm.qa.testcases.ContactsPageTest -->
