<?xml version="1.0" encoding="UTF-8"?>
<!-- Generated by org.testng.reporters.JUnitReportReporter -->
<testsuite skipped="0" hostname="DESKTOP-OFC8VFN" name="com.crm.qa.testcases.ContactsPageTest" tests="2" failures="0" timestamp="29 Sep 2019 08:16:54 GMT" time="38.986" errors="0">
  <testcase name="verifyClickOnNewContact" time="22.051" classname="com.crm.qa.testcases.ContactsPageTest"/>
  <testcase name="verifyClickOnContactsLabel" time="16.935" classname="com.crm.qa.testcases.ContactsPageTest"/>
</testsuite> <!-- com.crm.qa.testcases.ContactsPageTest -->
