<?xml version="1.0" encoding="UTF-8"?>
<!-- Generated by org.testng.reporters.JUnitReportReporter -->
<testsuite skipped="0" hostname="DESKTOP-OFC8VFN" name="com.crm.qa.testcases.ContactsPageTest" tests="1" failures="0" timestamp="13 Oct 2019 13:11:37 GMT" time="23.383" errors="0">
  <testcase name="verifyClickOnContactsLabel" time="23.383" classname="com.crm.qa.testcases.ContactsPageTest"/>
</testsuite> <!-- com.crm.qa.testcases.ContactsPageTest -->
