<?xml version="1.0" encoding="UTF-8"?>
<!-- Generated by org.testng.reporters.JUnitReportReporter -->
<testsuite skipped="0" hostname="DESKTOP-OFC8VFN" name="com.crm.qa.testcases.DealsPageTest" tests="1" failures="0" timestamp="13 Oct 2019 13:11:37 GMT" time="25.158" errors="0">
  <testcase name="verifyClickOnDealsTest" time="25.158" classname="com.crm.qa.testcases.DealsPageTest"/>
</testsuite> <!-- com.crm.qa.testcases.DealsPageTest -->
