<?xml version="1.0" encoding="UTF-8"?>
<!-- Generated by org.testng.reporters.JUnitReportReporter -->
<testsuite skipped="0" hostname="DESKTOP-OFC8VFN" name="com.crm.qa.testcases.LoginPageTest" tests="2" failures="0" timestamp="29 Sep 2019 12:10:41 GMT" time="30.828" errors="0">
  <testcase name="validateTitleTest" time="15.835" classname="com.crm.qa.testcases.LoginPageTest"/>
  <testcase name="loginTest" time="14.993" classname="com.crm.qa.testcases.LoginPageTest"/>
</testsuite> <!-- com.crm.qa.testcases.LoginPageTest -->
