<?xml version="1.0" encoding="UTF-8"?>
<!-- Generated by org.testng.reporters.JUnitReportReporter -->
<testsuite skipped="0" hostname="DESKTOP-OFC8VFN" name="com.crm.qa.testcases.LoginPageTest" tests="2" failures="0" timestamp="29 Sep 2019 10:47:02 GMT" time="27.129" errors="0">
  <testcase name="validateTitleTest" time="14.072" classname="com.crm.qa.testcases.LoginPageTest"/>
  <testcase name="loginTest" time="13.057" classname="com.crm.qa.testcases.LoginPageTest"/>
</testsuite> <!-- com.crm.qa.testcases.LoginPageTest -->
