<?xml version="1.0" encoding="UTF-8"?>
<!-- Generated by org.testng.reporters.JUnitReportReporter -->
<testsuite skipped="0" hostname="DESKTOP-OFC8VFN" name="com.crm.qa.testcases.DealsPageTest" tests="1" failures="0" timestamp="29 Sep 2019 12:14:13 GMT" time="20.120" errors="0">
  <testcase name="verifyClickOnDealsTest" time="20.120" classname="com.crm.qa.testcases.DealsPageTest"/>
</testsuite> <!-- com.crm.qa.testcases.DealsPageTest -->
