<?xml version="1.0" encoding="UTF-8"?>
<!-- Generated by org.testng.reporters.JUnitReportReporter -->
<testsuite skipped="0" hostname="DESKTOP-OFC8VFN" name="com.crm.qa.testcases.LoginPageTest" tests="2" failures="0" timestamp="28 Sep 2019 13:14:08 GMT" time="36.123" errors="0">
  <testcase name="validateTitleTest" time="19.238" classname="com.crm.qa.testcases.LoginPageTest"/>
  <testcase name="loginTest" time="16.885" classname="com.crm.qa.testcases.LoginPageTest"/>
</testsuite> <!-- com.crm.qa.testcases.LoginPageTest -->
