<?xml version="1.0" encoding="UTF-8"?>
<!-- Generated by org.testng.reporters.JUnitReportReporter -->
<testsuite skipped="0" hostname="DESKTOP-OFC8VFN" name="com.crm.qa.testcases.DealsPageTest" tests="1" failures="0" timestamp="02 Oct 2019 07:08:13 GMT" time="29.547" errors="0">
  <testcase name="verifyClickOnDealsTest" time="29.547" classname="com.crm.qa.testcases.DealsPageTest"/>
</testsuite> <!-- com.crm.qa.testcases.DealsPageTest -->
